<?xml version="1.0" encoding="UTF-8"?>
<!-- Generated by org.testng.reporters.JUnitReportReporter -->
<testsuite hostname="Rikki" failures="0" tests="1" name="vtiger.leads_module.ToCreateALeadTest" time="10.213" errors="0" timestamp="27 May 2024 07:10:24 GMT" skipped="0">
  <testcase classname="vtiger.leads_module.ToCreateALeadTest" name="toCreateALeadAndVerifyTheLeadInformationTest" time="10.213"/>
</testsuite> <!-- vtiger.leads_module.ToCreateALeadTest -->
